<?xml version="1.0" encoding="UTF-8"?>
<!-- Generated by org.testng.reporters.JUnitXMLReporter -->
<testsuite ignored="0" hostname="DESKTOP-E9V0LEN" failures="0" tests="3" name="E2E E-Commerce Tests" time="78.87" errors="0" timestamp="2026-05-26T22:40:07 CST">
  <testcase classname="com.saucedemo.tests.SearchTest" name="testProductSearch" time="1.245"/>
  <testcase classname="com.saucedemo.tests.CartTest" name="testAddProductToCart" time="43.418"/>
  <testcase classname="com.saucedemo.tests.CheckoutTest" name="testCheckoutFlow" time="25.775"/>
</testsuite> <!-- E2E E-Commerce Tests -->
