<?xml version="1.0" encoding="UTF-8"?>
<testng-results ignored="0" total="3" passed="3" failed="0" skipped="0">
  <reporter-output>
  </reporter-output>
  <suite started-at="2026-05-26T22:38:48 CST" name="Sauce Demo Test Suite" finished-at="2026-05-26T22:40:07 CST" duration-ms="78870">
    <groups>
    </groups>
    <test started-at="2026-05-26T22:38:48 CST" name="E2E E-Commerce Tests" finished-at="2026-05-26T22:40:07 CST" duration-ms="78870">
      <class name="com.saucedemo.tests.SearchTest">
        <test-method is-config="true" signature="setUp()[pri:0, instance:com.saucedemo.tests.SearchTest@50eac852]" started-at="2026-05-26T22:38:48 CST" name="setUp" finished-at="2026-05-26T22:38:51 CST" duration-ms="3391" status="PASS">
          <reporter-output>
          </reporter-output>
        </test-method> <!-- setUp -->
        <test-method signature="testProductSearch()[pri:0, instance:com.saucedemo.tests.SearchTest@50eac852]" started-at="2026-05-26T22:38:51 CST" name="testProductSearch" description="Verify product search functionality" finished-at="2026-05-26T22:38:52 CST" duration-ms="1245" status="PASS">
          <reporter-output>
          </reporter-output>
        </test-method> <!-- testProductSearch -->
        <test-method is-config="true" signature="tearDown()[pri:0, instance:com.saucedemo.tests.SearchTest@50eac852]" started-at="2026-05-26T22:38:52 CST" name="tearDown" finished-at="2026-05-26T22:38:53 CST" duration-ms="125" status="PASS">
          <reporter-output>
          </reporter-output>
        </test-method> <!-- tearDown -->
      </class> <!-- com.saucedemo.tests.SearchTest -->
      <class name="com.saucedemo.tests.CheckoutTest">
        <test-method is-config="true" signature="setUp()[pri:0, instance:com.saucedemo.tests.CheckoutTest@4f6ee6e4]" started-at="2026-05-26T22:39:38 CST" name="setUp" finished-at="2026-05-26T22:39:41 CST" duration-ms="2321" status="PASS">
          <reporter-output>
          </reporter-output>
        </test-method> <!-- setUp -->
        <test-method signature="testCheckoutFlow()[pri:0, instance:com.saucedemo.tests.CheckoutTest@4f6ee6e4]" started-at="2026-05-26T22:39:41 CST" name="testCheckoutFlow" description="Verify checkout page loading and customer info entry" finished-at="2026-05-26T22:40:06 CST" duration-ms="25775" status="PASS">
          <reporter-output>
          </reporter-output>
        </test-method> <!-- testCheckoutFlow -->
        <test-method is-config="true" signature="tearDown()[pri:0, instance:com.saucedemo.tests.CheckoutTest@4f6ee6e4]" started-at="2026-05-26T22:40:06 CST" name="tearDown" finished-at="2026-05-26T22:40:07 CST" duration-ms="171" status="PASS">
          <reporter-output>
          </reporter-output>
        </test-method> <!-- tearDown -->
      </class> <!-- com.saucedemo.tests.CheckoutTest -->
      <class name="com.saucedemo.tests.CartTest">
        <test-method is-config="true" signature="setUp()[pri:0, instance:com.saucedemo.tests.CartTest@1fa268de]" started-at="2026-05-26T22:38:53 CST" name="setUp" finished-at="2026-05-26T22:38:55 CST" duration-ms="2214" status="PASS">
          <reporter-output>
          </reporter-output>
        </test-method> <!-- setUp -->
        <test-method signature="testAddProductToCart()[pri:0, instance:com.saucedemo.tests.CartTest@1fa268de]" started-at="2026-05-26T22:38:55 CST" name="testAddProductToCart" description="Verify adding a product to the cart" finished-at="2026-05-26T22:39:38 CST" duration-ms="43418" status="PASS">
          <reporter-output>
          </reporter-output>
        </test-method> <!-- testAddProductToCart -->
        <test-method is-config="true" signature="tearDown()[pri:0, instance:com.saucedemo.tests.CartTest@1fa268de]" started-at="2026-05-26T22:39:38 CST" name="tearDown" finished-at="2026-05-26T22:39:38 CST" duration-ms="170" status="PASS">
          <reporter-output>
          </reporter-output>
        </test-method> <!-- tearDown -->
      </class> <!-- com.saucedemo.tests.CartTest -->
    </test> <!-- E2E E-Commerce Tests -->
  </suite> <!-- Sauce Demo Test Suite -->
</testng-results>
