<?xml version="1.0" encoding="UTF-8"?>
<testsuite xmlns:xsi="http://www.w3.org/2001/XMLSchema-instance" xsi:noNamespaceSchemaLocation="https://maven.apache.org/surefire/maven-surefire-plugin/xsd/surefire-test-report-3.0.xsd" version="3.0" name="TestSuite" time="79.288" tests="3" errors="0" skipped="0" failures="0">
  <properties>
[...]
</properties>
  <testcase name="testProductSearch" classname="com.saucedemo.tests.SearchTest" time="1.247">
    <system-out><![CDATA[Search results found:
- Grey jacket
- Noir jacket
]]></system-out>
    <system-err><![CDATA[May 26, 2026 10:38:49 PM org.openqa.selenium.devtools.CdpVersionFinder findNearestMatch
WARNING: Unable to find CDP implementation matching 148
May 26, 2026 10:38:49 PM org.openqa.selenium.chromium.ChromiumDriver lambda$new$5
WARNING: Unable to find version of CDP to use for 148.0.7778.179. You may need to include a dependency on a specific version of the CDP using something similar to `org.seleniumhq.selenium:selenium-devtools-v86:4.21.0` where the version ("v86") matches the version of the chromium-based browser you're using and the version number of the artifact is the same as Selenium's.
]]></system-err>
  </testcase>
  <testcase name="testAddProductToCart" classname="com.saucedemo.tests.CartTest" time="43.418">
    <system-out><![CDATA[[CartTest] Starting test...
[CartTest] Clicking on Grey jacket link...
[CartTest] Verifying product title...
[CartTest] Product price: £55.00
[CartTest] Clicking Add to Cart...
[CartTest] Added to cart, count now: (1)
[CartTest] Product page cookies: [localization=MX; expires=Thu, 27 May 2027 04:38:55 GMT; path=/; domain=sauce-demo.myshopify.com; sameSite=Lax, _shopify_y=59928a1e-7553-4054-8d56-1ee48304ea5e; expires=Thu, 27 May 2027 10:38:57 GMT; path=/; domain=.sauce-demo.myshopify.com; sameSite=Lax, __ar_v4=%7CRLFWQFGQMZC2ZEMERYUQ34%3A20260526%3A1%7CGKTPKTIEIVDXDB73OLEF43%3A20260526%3A1%7CZEW3JXPLVRAQPNAKVX76KX%3A20260526%3A1; expires=Thu, 27 May 2027 04:38:56 GMT; path=/; domain=.sauce-demo.myshopify.com; sameSite=Lax, __adroll_fpc=9d4feeea134509fc4055903898b28508-1779856736240; expires=Thu, 27 May 2027 10:38:56 GMT; path=/; domain=.sauce-demo.myshopify.com; sameSite=Lax, _shopify_s=4772159b-01c1-4bd4-b83e-66a227ae289e; expires=Wed, 27 May 2026 05:08:57 GMT; path=/; domain=.sauce-demo.myshopify.com; sameSite=Lax, _shopify_essential=:AZ5nundDAAEAfa4y4LCfAEedpVYHuboKaBIUD6mmvCTY6mo_qOS1VWh7iUIt-kg43QQNHME1QnQstSlUSFDOc5-xxfHsAczne40H_I9vYPQ-EDeZgsatwge2tD7thmaoklwHdgkeCXKkj1bPl10OSrtR5PL_THcqN1Kn2W67qHGyCXzvpfVaz9tOcoULyndmRmrlPHevMNErPwF6JemARL4y1Zu9_eGFEWN6dVk8q9MfgX3Lr9dzU2ov5HXdiLujmbBWs3EK2S38iLnKCWyOxUke60LpArjj10thCI1ywBgxX2AuMkAg22nPyEirqkcxVZa9QYtlSeMzHHWh6Vtsddn5im74CVMDSYOCRajGbE5lk87i_w7R8cKL1sFp5rtcv8PcaXvWVkjQDUGcSldLZk-1BISQEZPdsTzmQMT1GSiTvjYGsap02YscSLtEaFW6CvkGIsVQlW1Y9ZJ_29TungdnxatmR9Iy896Wu8pU0tGkJam5gDoNTQDV0VVZhZ6BYL3dXaifgXx0TvLa6rmanAjXHhZKpGtnE2hrlLsH8Pzi2rYihzJ7CD2qfP_AWug8k0_VwRbAsB4Pee5-CuDuuR2uqt4VsZ3G5pDixAOsnYumU0lSCk9prNJl9_qc9bJaVtkHu29yf2BgiMQ2Lf5M7F7lompawEgv309BR_LL:; expires=Thu, 27 May 2027 04:38:57 GMT; path=/; domain=sauce-demo.myshopify.com;secure;; sameSite=Lax, _shopify_analytics=:AZ5nundYAAEAiizOnU2MA6T_SdoKNFm7ynBJnzFnoZtNXbxTrfSJ-UaaETTIweSeIWHVrME_cJAAxk68SZnElgVPUEKfnePy814AJYbdj-LGDR_2MBoMiE11Jfb6NVkiXaw-Jep6QagBXw:; expires=Thu, 27 May 2027 04:38:57 GMT; path=/; domain=sauce-demo.myshopify.com;secure;; sameSite=Lax, cart_currency=GBP; expires=Wed, 10 Jun 2026 04:38:57 GMT; path=/; domain=sauce-demo.myshopify.com; sameSite=Lax, _shopify_marketing=:AZ5nundYAAEA9YMXPOhHQ1f3ZmHUv6yeXGk2LaNY3V-lEQ77qkFTtItRSIo9ZQnGog7rVHhVKJqWqxSNGMmSLYV1WfMMKcRf6o6RvclAUGv7anWcuy-VFzsOtx5mJODaug:; expires=Thu, 27 May 2027 04:38:57 GMT; path=/; domain=sauce-demo.myshopify.com;secure;; sameSite=Lax, cart=hWNCdMrrbjnVsIL5JUZqWukT%3Fkey%3D50b17d1ea4c57bdb975676980154ef86; expires=Sat, 27 Jun 2026 04:38:57 GMT; path=/; domain=sauce-demo.myshopify.com; sameSite=Lax]
[CartTest] Product page URL: https://sauce-demo.myshopify.com/collections/frontpage/products/grey-jacket
[CartTest] Navigating to Cart page...
[CartTest] Navigation to Cart page complete.
[CartTest] Cart page cookies: [localization=MX; expires=Thu, 27 May 2027 04:38:58 GMT; path=/; domain=sauce-demo.myshopify.com; sameSite=Lax, _shopify_y=59928a1e-7553-4054-8d56-1ee48304ea5e; expires=Thu, 27 May 2027 10:38:58 GMT; path=/; domain=.sauce-demo.myshopify.com; sameSite=Lax, __ar_v4=%7CRLFWQFGQMZC2ZEMERYUQ34%3A20260526%3A1%7CGKTPKTIEIVDXDB73OLEF43%3A20260526%3A1%7CZEW3JXPLVRAQPNAKVX76KX%3A20260526%3A1; expires=Thu, 27 May 2027 04:38:56 GMT; path=/; domain=.sauce-demo.myshopify.com; sameSite=Lax, __adroll_fpc=9d4feeea134509fc4055903898b28508-1779856736240; expires=Thu, 27 May 2027 10:38:56 GMT; path=/; domain=.sauce-demo.myshopify.com; sameSite=Lax, _shopify_s=4772159b-01c1-4bd4-b83e-66a227ae289e; expires=Wed, 27 May 2026 05:08:58 GMT; path=/; domain=.sauce-demo.myshopify.com; sameSite=Lax, _shopify_essential=:AZ5nundDAAEAfa4y4LCfAEedpVYHuboKaBIUD6mmvCTY6mo_qOS1VWh7iUIt-kg43QQNHME1QnQstSlUSFDOc5-xxfHsAczne40H_I9vYPQ-EDeZgsatwge2tD7thmaoklwHdgkeCXKkj1bPl10OSrtR5PL_THcqN1Kn2W67qHGyCXzvpfVaz9tOcoULyndmRmrlPHevMNErPwF6JemARL4y1Zu9_eGFEWN6dVk8q9MfgX3Lr9dzU2ov5HXdiLujmbBWs3EK2S38iLnKCWyOxUke60LpArjj10thCI1ywBgxX2AuMkAg22nPyEirqkcxVZa9QYtlSeMzHHWh6Vtsddn5im74CVMDSYOCRajGbE5lk87i_w7R8cKL1sFp5rtcv8PcaXvWVkjQDUGcSldLZk-1BISQEZPdsTzmQMT1GSiTvjYGsap02YscSLtEaFW6CvkGIsVQlW1Y9ZJ_29TungdnxatmR9Iy896Wu8pU0tGkJam5gDoNTQDV0VVZhZ6BYL3dXaifgXx0TvLa6rmanAjXHhZKpGtnE2hrlLsH8Pzi2rYihzJ7CD2qfP_AWug8k0_VwRbAsB4Pee5-CuDuuR2uqt4VsZ3G5pDixAOsnYumU0lSCk9prNJl9_qc9bJaVtkHu29yf2BgiMQ2Lf5M7F7lompawEgv309BR_LL:; expires=Thu, 27 May 2027 04:38:57 GMT; path=/; domain=sauce-demo.myshopify.com;secure;; sameSite=Lax, _shopify_analytics=:AZ5nundYAAEAiizOnU2MA6T_SdoKNFm7ynBJnzFnoZtNXbxTrfSJ-UaaETTIweSeIWHVrME_cJAAxk68SZnElgVPUEKfnePy814AJYbdj-LGDR_2MBoMiE11Jfb6NVkiXaw-Jep6QagBXw:; expires=Thu, 27 May 2027 04:38:57 GMT; path=/; domain=sauce-demo.myshopify.com;secure;; sameSite=Lax, cart_currency=GBP; expires=Wed, 10 Jun 2026 04:38:58 GMT; path=/; domain=sauce-demo.myshopify.com; sameSite=Lax, _shopify_marketing=:AZ5nundYAAEA9YMXPOhHQ1f3ZmHUv6yeXGk2LaNY3V-lEQ77qkFTtItRSIo9ZQnGog7rVHhVKJqWqxSNGMmSLYV1WfMMKcRf6o6RvclAUGv7anWcuy-VFzsOtx5mJODaug:; expires=Thu, 27 May 2027 04:38:57 GMT; path=/; domain=sauce-demo.myshopify.com;secure;; sameSite=Lax, cart=hWNCdMrrbjnVsIL5JUZqWukT%3Fkey%3D50b17d1ea4c57bdb975676980154ef86; expires=Sat, 27 Jun 2026 04:38:57 GMT; path=/; domain=sauce-demo.myshopify.com; sameSite=Lax]
[CartTest] Cart page URL: https://sauce-demo.myshopify.com/cart
[CartTest] Checking if cart is empty...
[CartTest] Cart empty status: false
[CartTest] Cart HTML: <html lang="en"><!--<![endif]--><head><script type="text/javascript" async="" src="https://tag.marinsm.com/serve/55f0a404808337080a0001ab.js"></script><script async="" src="//connect.facebook.net/en_US/fbds.js"></script><script type="text/javascript" async="" src="//sauce-demo.myshopify.com/cdn/s/trekkie.storefront.f7140b8b25ae1195cf346a36a85e3e4bcf46adb3.min.js"></script><script src="https://cdn.shopify.com/storefront/standard-actions.js" type="module" data-source-attribution="shopify.standard_actions"></script>

  <title>
  Your Shopping Cart – Sauce Demo
  </title>
  
  <link rel="canonical" href="https://sauce-demo.myshopify.com/cart">
  <meta charset="utf-8">
  <meta name="viewport" content="width=device-width, initial-scale=1, maximum-scale=1">
  
  <meta property="og:type" content="website">
  <meta property="og:title" content="Your Shopping Cart">
  


  <meta property="og:url" content="https://sauce-demo.myshopify.com/cart">
  <meta property="og:site_name" content="Sauce Demo">
  
 

  
  
  
  
  <link href="//sauce-demo.myshopify.com/cdn/shop/t/2/assets/theme.scss.css?v=137440661423078363071656106300" rel="stylesheet" type="text/css" media="all">
  <script src="//ajax.googleapis.com/ajax/libs/jquery/1.9.0/jquery.min.js" type="text/javascript"></script>
  <script src="//sauce-demo.myshopify.com/cdn/shop/t/2/assets/jquery.fancybox.js?v=35668124874407433581394656067" type="text/javascript"></script>
  <script src="//sauce-demo.myshopify.com/cdn/shop/t/2/assets/jquery.elevatezoom.js?v=35333893780288212601394656066" type="text/javascript"></script>
  <!--[if lt IE 9]>
    <script src="http://html5shim.googlecode.com/svn/trunk/html5.js"></script>
  <![endif]-->
  
  <!--[if lt IE 8]>
    <script src="//sauce-demo.myshopify.com/cdn/s/shopify/json2.js" type="text/javascript"></script>
  <![endif]-->
  <script src="//sauce-demo.myshopify.com/cdn/shopifycloud/storefront/assets/themes_support/option_selection-b017cd28.js" type="text/javascript"></script>
  <link rel="shortcut icon" href="//sauce-demo.myshopify.com/cdn/shop/t/2/assets/favicon.ico?v=183549823693799901941394656066">
  <link rel="apple-touch-icon" href="//sauce-demo.myshopify.com/cdn/shop/t/2/assets/apple-touch-icon.png?v=126014001527604476341394656065">
  <link rel="apple-touch-icon" sizes="72x72" href="//sauce-demo.myshopify.com/cdn/shop/t/2/assets/apple-touch-icon-72x72.png?v=90122434896318235351394656065">
  <link rel="apple-touch-icon" sizes="114x114" href="//sauce-demo.myshopify.com/cdn/shop/t/2/assets/apple-touch-icon-114x114.png?v=59914786939731460241394656065">
  <script> Shopify.money_format = "&pound;{{amount}}";</script>
  <script src="//sauce-demo.myshopify.com/cdn/shop/t/2/assets/jquery.theme.js?v=42021284561027497791425319943" type="text/javascript"></script>
  <script>window.performance && window.performance.mark && window.performance.mark('shopify.content_for_header.start');</script><meta id="shopify-digital-wallet" name="shopify-digital-wallet" content="/3991157/digital_wallets/dialog">
<script async="async" src="/checkouts/internal/preloads.js?locale=en-MX"></script>
<script id="shopify-features" type="application/json">{"accessToken":"72f552fd0becefb7bd991ef65f7678a6","betas":["rich-media-storefront-analytics"],"domain":"sauce-demo.myshopify.com","predictiveSearch":true,"shopId":3991157,"locale":"en"}</script>
<script>var Shopify = Shopify || {};
Shopify.shop = "sauce-demo.myshopify.com";
Shopify.locale = "en";
Shopify.currency = {"active":"GBP","rate":"1.0"};
Shopify.country = "MX";
Shopify.theme = {"name":"Simple OLD","id":7139093,"schema_name":null,"schema_version":null,"theme_store_id":578,"role":"main"};
Shopify.theme.handle = "null";
Shopify.theme.style = {"id":null,"handle":null};
Shopify.cdnHost = "sauce-demo.myshopify.com/cdn";
Shopify.routes = Shopify.routes || {};
Shopify.routes.root = "/";
Shopify.shopJsCdnBaseUrl = "https://cdn.shopify.com/shopifycloud/shop-js";</script>
<script type="module">!function(o){(o.Shopify=o.Shopify||{}).modules=!0}(window);</script>
<script>!function(o){function n(){var o=[];function n(){o.push(Array.prototype.slice.apply(arguments))}return n.q=o,n}var t=o.Shopify=o.Shopify||{};t.loadFeatures=n(),t.autoloadFeatures=n()}(window);</script>
<script>
  window.Shopify = window.Shopify || {};
  window.Shopify.SignInWithShop = window.Shopify.SignInWithShop || {};
  window.Shopify.SignInWithShop.assetMetrics = { sampleRate: 0.01 };
  window.Shopify.SignInWithShop.eligible = true;
</script>
<script id="shop-js-analytics" type="application/json">{"pageType":"cart"}</script>
<script>
  window.Shopify = window.Shopify || {};
  if (!window.Shopify.featureAssets) window.Shopify.featureAssets = {};
  window.Shopify.featureAssets['shop-js'] = {"shop-toast-manager":["modules/v2/loader.shop-toast-manager.en.esm.js"],"listener":["modules/v2/loader.listener.en.esm.js"],"shop-button":["modules/v2/loader.shop-button.en.esm.js"],"init-shop-user-recognition":["modules/v2/loader.init-shop-user-recognition.en.esm.js"],"init-shop-email-lookup-coordinator":["modules/v2/loader.init-shop-email-lookup-coordinator.en.esm.js"],"init-fed-cm":["modules/v2/loader.init-fed-cm.en.esm.js"],"checkout-modal":["modules/v2/loader.checkout-modal.en.esm.js"],"avatar":["modules/v2/loader.avatar.en.esm.js"],"init-shop-cart-sync":["modules/v2/loader.init-shop-cart-sync.en.esm.js"],"init-windoid":["modules/v2/loader.init-windoid.en.esm.js"],"shop-cash-offers":["modules/v2/loader.shop-cash-offers.en.esm.js"],"init-customer-accounts-sign-up":["modules/v2/loader.init-customer-accounts-sign-up.en.esm.js"],"init-shop-for-new-customer-accounts":["modules/v2/loader.init-shop-for-new-customer-accounts.en.esm.js"],"shop-user-recognition":["modules/v2/loader.shop-user-recognition.en.esm.js"],"shop-login":["modules/v2/loader.shop-login.en.esm.js"],"shop-login-button":["modules/v2/loader.shop-login-button.en.esm.js"],"shop-cart-sync":["modules/v2/loader.shop-cart-sync.en.esm.js"],"init-customer-accounts":["modules/v2/loader.init-customer-accounts.en.esm.js"],"pay-button":["modules/v2/loader.pay-button.en.esm.js"],"shop-follow-button":["modules/v2/loader.shop-follow-button.en.esm.js"],"lead-capture":["modules/v2/loader.lead-capture.en.esm.js"],"payment-terms":["modules/v2/loader.payment-terms.en.esm.js"]};
</script>
<script id="__st">var __st={"a":3991157,"offset":3600,"reqid":"7b0a122f-5cc4-4cc4-b5fb-06bfeabd75a3-1779856308","pageurl":"sauce-demo.myshopify.com\/cart","t":"prospect","u":"d7b829565192","p":"cart"};</script>
<script>window.ShopifyPaypalV4VisibilityTracking = true;</script>
<script id="captcha-bootstrap">!function(){'use strict';const t='contact',e='account',n='new_comment',o=[[t,t],['blogs',n],['comments',n],[t,'customer']],c=[[e,'customer_login'],[e,'guest_login'],[e,'recover_customer_password'],[e,'create_customer']],r=t=>t.map((([t,e])=>`form[action*='/${t}']:not([data-nocaptcha='true']) input[name='form_type'][value='${e}']`)).join(','),a=t=>()=>t?[...document.querySelectorAll(t)].map((t=>t.form)):[];function s(){const t=[...o],e=r(t);return a(e)}const i='password',u='form_key',d=['recaptcha-v3-token','g-recaptcha-response','h-captcha-response',i],f=()=>{try{return window.sessionStorage}catch{return}},m='__shopify_v',_=t=>t.elements[u];function p(t,e,n=!1){try{const o=window.sessionStorage,c=JSON.parse(o.getItem(e)),{data:r}=function(t){const{data:e,action:n}=t;return t[m]||n?{data:e,action:n}:{data:t,action:n}}(c);for(const[e,n]of Object.entries(r))t.elements[e]&&(t.elements[e].value=n);n&&o.removeItem(e)}catch(o){console.error('form repopulation failed',{error:o})}}const l='form_type',E='cptcha';function T(t){t.dataset[E]=!0}const w=window,h=w.document,L='Shopify',v='ce_forms',y='captcha';let A=!1;((t,e)=>{const n=(g='f06e6c50-85a8-45c8-87d0-21a2b65856fe',I='https://cdn.shopify.com/shopifycloud/storefront-forms-hcaptcha/ce_storefront_forms_captcha_hcaptcha.v1.5.2.iife.js',D={infoText:'Protected by hCaptcha',privacyText:'Privacy',termsText:'Terms'},(t,e,n)=>{const o=w[L][v],c=o.bindForm;if(c)return c(t,g,e,D).then(n);var r;o.q.push([[t,g,e,D],n]),r=I,A||(h.body.append(Object.assign(h.createElement('script'),{id:'captcha-provider',async:!0,src:r})),A=!0)});var g,I,D;w[L]=w[L]||{},w[L][v]=w[L][v]||{},w[L][v].q=[],w[L][y]=w[L][y]||{},w[L][y].protect=function(t,e){n(t,void 0,e),T(t)},Object.freeze(w[L][y]),function(t,e,n,w,h,L){const[v,y,A,g]=function(t,e,n){const i=e?o:[],u=t?c:[],d=[...i,...u],f=r(d),m=r(i),_=r(d.filter((([t,e])=>n.includes(e))));return[a(f),a(m),a(_),s()]}(w,h,L),I=t=>{const e=t.target;return e instanceof HTMLFormElement?e:e&&e.form},D=t=>v().includes(t);t.addEventListener('submit',(t=>{const e=I(t);if(!e)return;const n=D(e)&&!e.dataset.hcaptchaBound&&!e.dataset.recaptchaBound,o=_(e),c=g().includes(e)&&(!o||!o.value);(n||c)&&t.preventDefault(),c&&!n&&(function(t){try{if(!f())return;!function(t){const e=f();if(!e)return;const n=_(t);if(!n)return;const o=n.value;o&&e.removeItem(o)}(t);const e=Array.from(Array(32),(()=>Math.random().toString(36)[2])).join('');!function(t,e){_(t)||t.append(Object.assign(document.createElement('input'),{type:'hidden',name:u})),t.elements[u].value=e}(t,e),function(t,e){const n=f();if(!n)return;const o=[...t.querySelectorAll(`input[type='${i}']`)].map((({name:t})=>t)),c=[...d,...o],r={};for(const[a,s]of new FormData(t).entries())c.includes(a)||(r[a]=s);n.setItem(e,JSON.stringify({[m]:1,action:t.action,data:r}))}(t,e)}catch(e){console.error('failed to persist form',e)}}(e),e.submit())}));const S=(t,e)=>{t&&!t.dataset[E]&&(n(t,e.some((e=>e===t))),T(t))};for(const o of['focusin','change'])t.addEventListener(o,(t=>{const e=I(t);D(e)&&S(e,y())}));const B=e.get('form_key'),M=e.get(l),P=B&&M;t.addEventListener('DOMContentLoaded',(()=>{const t=y();if(P)for(const e of t)e.elements[l].value===M&&p(e,B);[...new Set([...A(),...v().filter((t=>'true'===t.dataset.shopifyCaptcha))])].forEach((e=>S(e,t)))}))}(h,new URLSearchParams(w.location.search),n,t,e,['guest_login'])})(!0,!0)}();</script>
<script integrity="sha256-JjoPp5ZfB1sSAs5SQaol1x1GgvveM+BgmRzyDexInEQ=" data-source-attribution="shopify.loadfeatures" defer="defer" src="//sauce-demo.myshopify.com/cdn/shopifycloud/storefront/assets/storefront/load_feature-1bd60354.js" crossorigin="anonymous"></script>
<script data-source-attribution="shopify.dynamic_checkout.dynamic.init">var Shopify=Shopify||{};Shopify.PaymentButton=Shopify.PaymentButton||{isStorefrontPortableWallets:!0,init:function(){window.Shopify.PaymentButton.init=function(){};var t=document.createElement("script");t.src="https://sauce-demo.myshopify.com/cdn/shopifycloud/portable-wallets/latest/portable-wallets.en.js",t.type="module",document.head.appendChild(t)}};
</script>
<script data-source-attribution="shopify.dynamic_checkout.buyer_consent">
  function portableWalletsHideBuyerConsent(e){var t=document.getElementById("shopify-buyer-consent"),n=document.getElementById("shopify-subscription-policy-button");t&&n&&(t.classList.add("hidden"),t.setAttribute("aria-hidden","true"),n.removeEventListener("click",e))}function portableWalletsShowBuyerConsent(e){var t=document.getElementById("shopify-buyer-consent"),n=document.getElementById("shopify-subscription-policy-button");t&&n&&(t.classList.remove("hidden"),t.removeAttribute("aria-hidden"),n.addEventListener("click",e))}window.Shopify?.PaymentButton&&(window.Shopify.PaymentButton.hideBuyerConsent=portableWalletsHideBuyerConsent,window.Shopify.PaymentButton.showBuyerConsent=portableWalletsShowBuyerConsent);
</script>
<script data-source-attribution="shopify.dynamic_checkout.cart.bootstrap">document.addEventListener("DOMContentLoaded",(function(){function t(){return document.querySelector("shopify-accelerated-checkout-cart, shopify-accelerated-checkout")}if(t())Shopify.PaymentButton.init();else{new MutationObserver((function(e,n){t()&&(Shopify.PaymentButton.init(),n.disconnect())})).observe(document.body,{childList:!0,subtree:!0})}}));
</script>
<script async="async" integrity="sha256-haKOhzT83GjvO3v6qzDZfOsoJVFdXid/w2WH/c5LJ+s=" src="//cdn.shopify.com/shopifycloud/storefront/assets/storefront/origin_trials-0583672e.js" crossorigin="anonymous"></script>

<script id="shopify-cfh-end">window.performance && window.performance.mark && window.performance.mark('shopify.content_for_header.end');</script>
 

  
<!-- Sauce code start -->
<script type="text/javascript">
  (function () {

    window.Sauce={isReady:!1,options:{},init:function(a){for(var b in a)this.options[b]=a[b];var c=document.createElement("script");c.src="//dk7vxmpleem9z.cloudfront.net/sgmnt.min.js",c.async=!0,c.id="sauce-js",document.getElementsByTagName("head")[0].appendChild(c)},readyCallbacks:[],ready:function(a){this.isReady?a():this.readyCallbacks.push(a)},loadApp:function(){var a=arguments;this.readyCallbacks.push(function(){Sauce.loadApp.apply(Sauce,a)})},loadCustomApp:function(){var a=arguments;this.readyCallbacks.push(function(){Sauce.loadCustomApp.apply(Sauce,a)})},_data:{},describe:function(a,b){this._data[a]=b}};

    Sauce.init({ id: "581f9d6675dcdd0a007251ed" });

    var pageType;
    
      pageType = 'cart';
    

    Sauce.describe('page', {
      type: pageType,
      url: window.location.href
    });

    

    

    var cart = {
      currency: "GBP",
      subtotal: 55.00,
      total: 55.00,
      lineItems: []
    };
    
      cart.lineItems.push({
        product: "263739389",
        variant: "611945025",
        subtotal: 5500/100,
        quantity: 1
      });
    
    Sauce.describe("cart", cart);

  }());
</script><script src="//dk7vxmpleem9z.cloudfront.net/sgmnt.min.js" async="" id="sauce-js"></script>
<!--/ Sauce code end -->

  
  <script>
    
    Sauce.ready(function () {
      console.log('Sauce is ready');
      
      Sauce.isVisitorInGroup('a1u5BI', function (result) {
        console.log('isVisitorInGroup: in group uk visitors', result);
      });
      
      Sauce.whenVisitorInGroup('a1u5BI', function () {
        console.log('whenVisitorInGroup: in group uk visitors');
      });
    });
  </script>
<link href="https://monorail-edge.shopifysvc.com" rel="dns-prefetch">
<script>(function(){if ("sendBeacon" in navigator && "performance" in window) {try {var session_token_from_headers = performance.getEntriesByType('navigation')[0].serverTiming.find(x => x.name == '_s').description;} catch {var session_token_from_headers = undefined;}var session_cookie_matches = document.cookie.match(/_shopify_s=([^;]*)/);var session_token_from_cookie = session_cookie_matches && session_cookie_matches.length === 2 ? session_cookie_matches[1] : "";var session_token = session_token_from_headers || session_token_from_cookie || "";function handle_abandonment_event(e) {var entries = performance.getEntries().filter(function(entry) {return /monorail-edge.shopifysvc.com/.test(entry.name);});if (!window.abandonment_tracked && entries.length === 0) {window.abandonment_tracked = true;var currentMs = Date.now();var navigation_start = performance.timing.navigationStart;var payload = {shop_id: 3991157,url: window.location.href,navigation_start,duration: currentMs - navigation_start,session_token,page_type: "cart"};window.navigator.sendBeacon("https://monorail-edge.shopifysvc.com/v1/produce", JSON.stringify({schema_id: "online_store_buyer_site_abandonment/1.1",payload: payload,metadata: {event_created_at_ms: currentMs,event_sent_at_ms: currentMs}}));}}window.addEventListener('pagehide', handle_abandonment_event);}}());</script>
<script>
  window.__TREKKIE_SHIM_QUEUE = window.__TREKKIE_SHIM_QUEUE || [];
</script>
<script id="web-pixels-manager-setup">(function(){var wpmLoader=function(){"use strict";return function(e,d,r,n){var o=arguments.length>4&&void 0!==arguments[4]?arguments[4]:{};if(!Boolean(null==(i=null==(a=window.Shopify)?void 0:a.analytics)?void 0:i.replayQueue)){var a,i;window.Shopify=window.Shopify||{};var t=window.Shopify;t.analytics=t.analytics||{};var s=t.analytics;s.replayQueue=[],s.publish=function(e,d,r){return s.replayQueue.push([e,d,r]),!0};try{self.performance.mark("wpm:start")}catch(e){}var l,u,c,m,p,f,h,g,y,w,v,b,S,P=(u=(l={modern:/Edge?\/(1{2}[4-9]|1[2-9]\d|[2-9]\d{2}|\d{4,})\.\d+(\.\d+|)|Firefox\/(1{2}[4-9]|1[2-9]\d|[2-9]\d{2}|\d{4,})\.\d+(\.\d+|)|Chrom(ium|e)\/(9{2}|\d{3,})\.\d+(\.\d+|)|(Maci|X1{2}).+ Version\/(15\.\d+|(1[6-9]|[2-9]\d|\d{3,})\.\d+)([,.]\d+|)( \(\w+\)|)( Mobile\/\w+|) Safari\/|Chrome.+OPR\/(9{2}|\d{3,})\.\d+\.\d+|(CPU[ +]OS|iPhone[ +]OS|CPU[ +]iPhone|CPU IPhone OS|CPU iPad OS)[ +]+(15[._]\d+|(1[6-9]|[2-9]\d|\d{3,})[._]\d+)([._]\d+|)|Android:?[ /-](13[3-9]|1[4-9]\d|[2-9]\d{2}|\d{4,})(\.\d+|)(\.\d+|)|Android.+Firefox\/(13[5-9]|1[4-9]\d|[2-9]\d{2}|\d{4,})\.\d+(\.\d+|)|Android.+Chrom(ium|e)\/(13[3-9]|1[4-9]\d|[2-9]\d{2}|\d{4,})\.\d+(\.\d+|)|SamsungBrowser\/([2-9]\d|\d{3,})\.\d+/,legacy:/Edge?\/(1[6-9]|[2-9]\d|\d{3,})\.\d+(\.\d+|)|Firefox\/(5[4-9]|[6-9]\d|\d{3,})\.\d+(\.\d+|)|Chrom(ium|e)\/(5[1-9]|[6-9]\d|\d{3,})\.\d+(\.\d+|)([\d.]+$|.*Safari\/(?![\d.]+ Edge\/[\d.]+$))|(Maci|X1{2}).+ Version\/(10\.\d+|(1[1-9]|[2-9]\d|\d{3,})\.\d+)([,.]\d+|)( \(\w+\)|)( Mobile\/\w+|) Safari\/|Chrome.+OPR\/(3[89]|[4-9]\d|\d{3,})\.\d+\.\d+|(CPU[ +]OS|iPhone[ +]OS|CPU[ +]iPhone|CPU IPhone OS|CPU iPad OS)[ +]+(10[._]\d+|(1[1-9]|[2-9]\d|\d{3,})[._]\d+)([._]\d+|)|Android:?[ /-](13[3-9]|1[4-9]\d|[2-9]\d{2}|\d{4,})(\.\d+|)(\.\d+|)|Mobile Safari.+OPR\/([89]\d|\d{3,})\.\d+\.\d+|Android.+Firefox\/(13[5-9]|1[4-9]\d|[2-9]\d{2}|\d{4,})\.\d+(\.\d+|)|Android.+Chrom(ium|e)\/(13[3-9]|1[4-9]\d|[2-9]\d{2}|\d{4,})\.\d+(\.\d+|)|Android.+(UC? ?Browser|UCWEB|U3)[ /]?(15\.([5-9]|\d{2,})|(1[6-9]|[2-9]\d|\d{3,})\.\d+)\.\d+|SamsungBrowser\/(5\.\d+|([6-9]|\d{2,})\.\d+)|Android.+MQ{2}Browser\/(14(\.(9|\d{2,})|)|(1[5-9]|[2-9]\d|\d{3,})(\.\d+|))(\.\d+|)|K[Aa][Ii]OS\/(3\.\d+|([4-9]|\d{2,})\.\d+)(\.\d+|)/}).modern,c=l.legacy,(m=navigator.userAgent).match(u)?"modern":m.match(c)?"legacy":"unknown"),C="modern"===P?"modern":"legacy",_=(null!=n?n:{modern:"",legacy:""})[C],O=[(p={baseUrl:d,hashVersion:r,buildTarget:C}).baseUrl,"/wpm","/b",p.hashVersion,"modern"===p.buildTarget?"m":"l",".js"].join(""),U=(f={version:r,bundleTarget:P,surface:e.surface,pageUrl:self.location.href,monorailEndpoint:e.monorailEndpoint},h=f.version,g=f.bundleTarget,y=f.surface,w=f.pageUrl,v=f.monorailEndpoint,{emit:function(e){var d=e.status,r=e.errorMsg,n=(new Date).getTime(),o=JSON.stringify({metadata:{event_sent_at_ms:n},events:[{schema_id:"web_pixels_manager_load/3.1",payload:{version:h,bundle_target:g,page_url:w,status:d,surface:y,error_msg:r},metadata:{event_created_at_ms:n}}]});if(!v)return console&&console.warn&&console.warn("[Web Pixels Manager] No Monorail endpoint provided, skipping logging."),!1;try{return self.navigator.sendBeacon.bind(self.navigator)(v,o)}catch(e){}var a=new XMLHttpRequest;try{return a.open("POST",v,!0),a.setRequestHeader("Content-Type","text/plain"),a.send(o),!0}catch(e){return console&&console.warn&&console.warn("[Web Pixels Manager] Got an unhandled error while logging to Monorail."),!1}}});try{o.browserTarget=P,function(e){var d=e.src,r=e.async,n=void 0===r||r,o=e.onload,a=e.onerror,i=e.sri,t=e.scriptDataAttributes,s=void 0===t?{}:t,l=document.createElement("script"),u=document.querySelector("head"),c=document.querySelector("body");if(l.async=n,l.src=d,i&&(l.integrity=i,l.crossOrigin="anonymous"),s)for(var m in s)if(Object.prototype.hasOwnProperty.call(s,m))try{l.dataset[m]=s[m]}catch(e){}if(o&&l.addEventListener("load",o),a&&l.addEventListener("error",a),u)u.appendChild(l);else{if(!c)throw new Error("Did not find a head or body element to append the script");c.appendChild(l)}}({src:O,async:!0,onload:function(){if(!function(){var e,d;return Boolean(null==(d=null==(e=window.Shopify)?void 0:e.analytics)?void 0:d.initialized)}()){var d=window.webPixelsManager.init(e)||void 0;if(d){var r=window.Shopify.analytics;r.replayQueue.forEach(function(e){var r=e[0],n=e[1],o=e[2];d.publishCustomEvent(r,n,o)}),r.replayQueue=[],r.publish=d.publishCustomEvent,r.visitor=d.visitor,r.initialized=!0}}},onerror:function(){return U.emit({status:"failed",errorMsg:"".concat(O," has failed to load")})},sri:(b=_,S=/^sha384-[A-Za-z0-9+/=]+$/,"string"==typeof b&&S.test(b)?_:""),scriptDataAttributes:o}),U.emit({status:"loading"})}catch(e){U.emit({status:"failed",errorMsg:(null==e?void 0:e.message)||"Unknown error"})}}}}();wpmLoader({shopId: 3991157,storefrontBaseUrl: "https://sauce-demo.myshopify.com",extensionsBaseUrl: "https://extensions.shopifycdn.com/cdn/shopifycloud/web-pixels-manager",monorailEndpoint: "https://monorail-edge.shopifysvc.com/unstable/produce_batch",surface: "storefront-renderer",enabledBetaFlags: ["2dca8a86","d5bdd5d0"],webPixelsConfigList: [{"id":"shopify-app-pixel","configuration":"{}","eventPayloadVersion":"v1","runtimeContext":"STRICT","scriptVersion":"0460","apiClientId":"shopify-pixel","type":"APP","privacyPurposes":["ANALYTICS","MARKETING"]},{"id":"shopify-custom-pixel","eventPayloadVersion":"v1","runtimeContext":"LAX","scriptVersion":"0460","apiClientId":"shopify-pixel","type":"CUSTOM","privacyPurposes":["ANALYTICS","MARKETING"]}],isMerchantRequest: false,initData: {"shop":{"name":"Sauce Demo","paymentSettings":{"currencyCode":"GBP"},"myshopifyDomain":"sauce-demo.myshopify.com","countryCode":"GB","storefrontUrl":"https:\/\/sauce-demo.myshopify.com"},"customer":null,"cart":{"cost":{"totalAmount":{"amount":55.0,"currencyCode":"GBP"}},"lines":[{"cost":{"totalAmount":{"amount":55.0,"currencyCode":"GBP"}},"merchandise":{"price":{"amount":55.0,"currencyCode":"GBP"},"product":{"title":"Grey jacket","vendor":"Sauce Demo","id":"263739389","untranslatedTitle":"Grey jacket","url":"\/products\/grey-jacket","type":"Jackets"},"id":"611945025","image":{"src":"\/\/sauce-demo.myshopify.com\/cdn\/shop\/products\/fleece.jpg?v=1394656989"},"sku":"","title":"Grey jacket","untranslatedTitle":"Grey jacket"},"quantity":1}],"totalQuantity":1,"attributes":[],"id":"hWNCdM8xOAZNRFZX0gKxClzl"},"checkout":null,"productVariants":[],"products":null,"purchasingCompany":null,"page":null},},"https://sauce-demo.myshopify.com/cdn","6aad4977wba422492pcfc93db9m5341e0bd",{"modern":"","legacy":""},{"trekkieShim":true,"pageType":"cart","shopId":"3991157","storefrontBaseUrl":"https:\/\/sauce-demo.myshopify.com","extensionBaseUrl":"https:\/\/extensions.shopifycdn.com\/cdn\/shopifycloud\/web-pixels-manager","surface":"storefront-renderer","enabledBetaFlags":"[\"2dca8a86\", \"d5bdd5d0\"]","isMerchantRequest":"false","hashVersion":"6aad4977wba422492pcfc93db9m5341e0bd","publish":"custom","events":"[[\"page_viewed\",{}],[\"cart_viewed\",{\"cart\":{\"cost\":{\"totalAmount\":{\"amount\":55.0,\"currencyCode\":\"GBP\"}},\"lines\":[{\"cost\":{\"totalAmount\":{\"amount\":55.0,\"currencyCode\":\"GBP\"}},\"merchandise\":{\"price\":{\"amount\":55.0,\"currencyCode\":\"GBP\"},\"product\":{\"title\":\"Grey jacket\",\"vendor\":\"Sauce Demo\",\"id\":\"263739389\",\"untranslatedTitle\":\"Grey jacket\",\"url\":\"\/products\/grey-jacket\",\"type\":\"Jackets\"},\"id\":\"611945025\",\"image\":{\"src\":\"\/\/sauce-demo.myshopify.com\/cdn\/shop\/products\/fleece.jpg?v=1394656989\"},\"sku\":\"\",\"title\":\"Grey jacket\",\"untranslatedTitle\":\"Grey jacket\"},\"quantity\":1}],\"totalQuantity\":1,\"attributes\":[],\"id\":\"hWNCdM8xOAZNRFZX0gKxClzl\"}}]]"});})();</script><script async="" src="https://sauce-demo.myshopify.com/cdn/wpm/b6aad4977wba422492pcfc93db9m5341e0bdm.js" data-trekkie-shim="true" data-page-type="cart" data-shop-id="3991157" data-storefront-base-url="https://sauce-demo.myshopify.com" data-extension-base-url="https://extensions.shopifycdn.com/cdn/shopifycloud/web-pixels-manager" data-surface="storefront-renderer" data-enabled-beta-flags="[&quot;2dca8a86&quot;, &quot;d5bdd5d0&quot;]" data-is-merchant-request="false" data-hash-version="6aad4977wba422492pcfc93db9m5341e0bd" data-publish="custom" data-events="[[&quot;page_viewed&quot;,{}],[&quot;cart_viewed&quot;,{&quot;cart&quot;:{&quot;cost&quot;:{&quot;totalAmount&quot;:{&quot;amount&quot;:55.0,&quot;currencyCode&quot;:&quot;GBP&quot;}},&quot;lines&quot;:[{&quot;cost&quot;:{&quot;totalAmount&quot;:{&quot;amount&quot;:55.0,&quot;currencyCode&quot;:&quot;GBP&quot;}},&quot;merchandise&quot;:{&quot;price&quot;:{&quot;amount&quot;:55.0,&quot;currencyCode&quot;:&quot;GBP&quot;},&quot;product&quot;:{&quot;title&quot;:&quot;Grey jacket&quot;,&quot;vendor&quot;:&quot;Sauce Demo&quot;,&quot;id&quot;:&quot;263739389&quot;,&quot;untranslatedTitle&quot;:&quot;Grey jacket&quot;,&quot;url&quot;:&quot;/products/grey-jacket&quot;,&quot;type&quot;:&quot;Jackets&quot;},&quot;id&quot;:&quot;611945025&quot;,&quot;image&quot;:{&quot;src&quot;:&quot;//sauce-demo.myshopify.com/cdn/shop/products/fleece.jpg?v=1394656989&quot;},&quot;sku&quot;:&quot;&quot;,&quot;title&quot;:&quot;Grey jacket&quot;,&quot;untranslatedTitle&quot;:&quot;Grey jacket&quot;},&quot;quantity&quot;:1}],&quot;totalQuantity&quot;:1,&quot;attributes&quot;:[],&quot;id&quot;:&quot;hWNCdM8xOAZNRFZX0gKxClzl&quot;}}]]" data-browser-target="modern"></script><script>
  window.ShopifyAnalytics = window.ShopifyAnalytics || {};
  window.ShopifyAnalytics.meta = window.ShopifyAnalytics.meta || {};
  window.ShopifyAnalytics.meta.currency = 'GBP';
  var meta = {"page":{"pageType":"cart","requestId":"7b0a122f-5cc4-4cc4-b5fb-06bfeabd75a3-1779856308"}};
  for (var attr in meta) {
    window.ShopifyAnalytics.meta[attr] = meta[attr];
  }
</script>
<script class="analytics">
  (function () {
    var customDocumentWrite = function(content) {
      var jquery = null;

      if (window.jQuery) {
        jquery = window.jQuery;
      } else if (window.Checkout && window.Checkout.$) {
        jquery = window.Checkout.$;
      }

      if (jquery) {
        jquery('body').append(content);
      }
    };

    var hasLoggedConversion = function(token) {
      if (token) {
        return document.cookie.indexOf('loggedConversion=' + token) !== -1;
      }
      return false;
    }

    var setCookieIfConversion = function(token) {
      if (token) {
        var twoMonthsFromNow = new Date(Date.now());
        twoMonthsFromNow.setMonth(twoMonthsFromNow.getMonth() + 2);

        document.cookie = 'loggedConversion=' + token + '; expires=' + twoMonthsFromNow;
      }
    }

    var trekkie = window.ShopifyAnalytics.lib = window.trekkie = window.trekkie || [];
    window.ShopifyAnalytics.lib.trekkie = window.trekkie;
    if (trekkie.integrations) {
      return;
    }
    trekkie.methods = [
      'identify',
      'page',
      'ready',
      'track',
      'trackForm',
      'trackLink'
    ];
    trekkie.factory = function(method) {
      return function() {
        var args = Array.prototype.slice.call(arguments);
        args.unshift(method);
        trekkie.push(args);
        if (window.__TREKKIE_SHIM_QUEUE && (method == 'track' || method == 'page')) {
          try {
            window.__TREKKIE_SHIM_QUEUE.push({
              from: 'trekkie-stub',
              method: method,
              args: args.slice(1)
            });
          } catch (e) {
            // no-op
          }
        }
        return trekkie;
      };
    };
    for (var i = 0; i < trekkie.methods.length; i++) {
      var key = trekkie.methods[i];
      trekkie[key] = trekkie.factory(key);
    }
    trekkie.load = function(config) {
      trekkie.config = config || {};
      trekkie.config.initialDocumentCookie = document.cookie;
      var first = document.getElementsByTagName('script')[0];
var script = document.createElement('script');
script.type = 'text/javascript';
script.onerror = function(e) {
  var scriptFallback = document.createElement('script');
  scriptFallback.type = 'text/javascript';
  scriptFallback.onerror = function(error) {
          var Monorail = {
      produce: function produce(monorailDomain, schemaId, payload) {
        var currentMs = new Date().getTime();
        var event = {
          schema_id: schemaId,
          payload: payload,
          metadata: {
            event_created_at_ms: currentMs,
            event_sent_at_ms: currentMs
          }
        };
        return Monorail.sendRequest("https://" + monorailDomain + "/v1/produce", JSON.stringify(event));
      },
      sendRequest: function sendRequest(endpointUrl, payload) {
        // Try the sendBeacon API
        if (window && window.navigator && typeof window.navigator.sendBeacon === 'function' && typeof window.Blob === 'function' && !Monorail.isIos12()) {
          var blobData = new window.Blob([payload], {
            type: 'text/plain'
          });

          if (window.navigator.sendBeacon(endpointUrl, blobData)) {
            return true;
          } // sendBeacon was not successful

        } // XHR beacon

        var xhr = new XMLHttpRequest();

        try {
          xhr.open('POST', endpointUrl);
          xhr.setRequestHeader('Content-Type', 'text/plain');
          xhr.send(payload);
        } catch (e) {
          console.log(e);
        }

        return false;
      },
      isIos12: function isIos12() {
        return window.navigator.userAgent.lastIndexOf('iPhone; CPU iPhone OS 12_') !== -1 || window.navigator.userAgent.lastIndexOf('iPad; CPU OS 12_') !== -1;
      }
    };
    Monorail.produce('monorail-edge.shopifysvc.com',
      'trekkie_storefront_load_errors/1.1',
      {shop_id: 3991157,
      theme_id: 7139093,
      app_name: "storefront",
      context_url: window.location.href,
      source_url: "//sauce-demo.myshopify.com/cdn/s/trekkie.storefront.f7140b8b25ae1195cf346a36a85e3e4bcf46adb3.min.js"});

  };
  scriptFallback.async = true;
  scriptFallback.src = '//sauce-demo.myshopify.com/cdn/s/trekkie.storefront.f7140b8b25ae1195cf346a36a85e3e4bcf46adb3.min.js';
  first.parentNode.insertBefore(scriptFallback, first);
};
script.async = true;
script.src = '//sauce-demo.myshopify.com/cdn/s/trekkie.storefront.f7140b8b25ae1195cf346a36a85e3e4bcf46adb3.min.js';
first.parentNode.insertBefore(script, first);

    };
    trekkie.load(
      {"Trekkie":{"appName":"storefront","development":false,"defaultAttributes":{"shopId":3991157,"isMerchantRequest":null,"themeId":7139093,"themeCityHash":"7253583778835019478","contentLanguage":"en","currency":"GBP","eventMetadataId":"b5db4b0f-f1cc-4e7f-ad47-c55cae5f7484"},"isServerSideCookieWritingEnabled":true,"monorailRegion":"shop_domain","enabledBetaFlags":["b5387b81","d5bdd5d0"]},"Session Attribution":{},"S2S":{"facebookCapiEnabled":false,"source":"trekkie-storefront-renderer","apiClientId":580111}}
    );

    var loaded = false;
    trekkie.ready(function() {
      if (loaded) return;
      loaded = true;

      window.ShopifyAnalytics.lib = window.trekkie;

      var originalDocumentWrite = document.write;
      document.write = customDocumentWrite;
      try { window.ShopifyAnalytics.merchantGoogleAnalytics.call(this); } catch(error) {};
      document.write = originalDocumentWrite;

      window.ShopifyAnalytics.lib.page(null,{"pageType":"cart","requestId":"7b0a122f-5cc4-4cc4-b5fb-06bfeabd75a3-1779856308","shopifyEmitted":true});

      var match = window.location.pathname.match(/checkouts\/(.+)\/(thank_you|post_purchase)/)
      var token = match? match[1]: undefined;
      if (!hasLoggedConversion(token)) {
        setCookieIfConversion(token);
        
      }
    });

    var eventsListenerScript = document.createElement('script');
    eventsListenerScript.async = true;
    eventsListenerScript.src = "//sauce-demo.myshopify.com/cdn/shopifycloud/storefront/assets/shop_events_listener-4e26a9ce.js";
    document.getElementsByTagName('head')[0].appendChild(eventsListenerScript);
})();</script><script async="" src="//sauce-demo.myshopify.com/cdn/shopifycloud/storefront/assets/shop_events_listener-4e26a9ce.js"></script>
<script defer="" src="https://sauce-demo.myshopify.com/cdn/shopifycloud/perf-kit/shopify-perf-kit-3.5.0.min.js" data-application="storefront-renderer" data-shop-id="3991157" data-render-region="gcp-us-central1" data-page-type="cart" data-theme-instance-id="7139093" data-theme-name="" data-theme-version="" data-monorail-region="shop_domain" data-resource-timing-sampling-rate="10" data-shs="true" data-shs-beacon="true" data-shs-export-with-fetch="true" data-shs-logs-sample-rate="1" data-shs-beacon-endpoint="https://sauce-demo.myshopify.com/api/collect"></script>
<meta http-equiv="origin-trial" content="A1duO9QWZ/3h+eq5jQsvYqOTVq5h5q2AoGInpwNr4FT22/JUt3BxFERXHAo5iKhs6doOavi6G5hno0oBANPzSgIAAABxeyJvcmlnaW4iOiJodHRwczovL2Nkbi5zaG9waWZ5LmNvbTo0NDMiLCJmZWF0dXJlIjoiUHJlcmVuZGVyVW50aWxTY3JpcHQiLCJleHBpcnkiOjE3ODg4MjU2MDAsImlzVGhpcmRQYXJ0eSI6dHJ1ZX0="><script type="speculationrules">{}</script><link rel="dns-prefetch preconnect" href="https://cdn.shopify.com" crossorigin=""><link rel="prefetch" fetchpriority="low" as="script" href="/cdn/shopifycloud/checkout-web/assets/c1/polyfills.iRHCMwIP.js" crossorigin=""><link rel="prefetch" fetchpriority="low" as="script" href="/cdn/shopifycloud/checkout-web/assets/c1/app.Db252NJC.js" crossorigin=""><link rel="prefetch" fetchpriority="low" as="script" href="/cdn/shopifycloud/checkout-web/assets/c1/esnext-vendor.Bhne0xMB.js" crossorigin=""><link rel="prefetch" fetchpriority="low" as="script" href="/cdn/shopifycloud/checkout-web/assets/c1/browser.BawtSaPY.js" crossorigin=""><link rel="prefetch" fetchpriority="low" as="script" href="/cdn/shopifycloud/checkout-web/assets/c1/shared-is-shop-pay-active.DWPENszT.js" crossorigin=""><link rel="prefetch" fetchpriority="low" as="script" href="/cdn/shopifycloud/checkout-web/assets/c1/types-UnauthenticatedErrorModalPayload.BLPcrnWA.js" crossorigin=""><link rel="prefetch" fetchpriority="low" as="script" href="/cdn/shopifycloud/checkout-web/assets/c1/images-payment-icon.C_9SDN8i.js" crossorigin=""><link rel="prefetch" fetchpriority="low" as="script" href="/cdn/shopifycloud/checkout-web/assets/c1/utilities-shop-discount-offer.CZ9Fje7J.js" crossorigin=""><link rel="prefetch" fetchpriority="low" as="script" href="/cdn/shopifycloud/checkout-web/assets/c1/NotFound.CfJbwYuD.js" crossorigin=""><link rel="prefetch" fetchpriority="low" as="script" href="/cdn/shopifycloud/checkout-web/assets/c1/context-utilities.BKtYb51h.js" crossorigin=""><link rel="prefetch" fetchpriority="low" as="script" href="/cdn/shopifycloud/checkout-web/assets/c1/shared-unactionable-errors.CnQMnI0j.js" crossorigin=""><link rel="prefetch" fetchpriority="low" as="script" href="/cdn/shopifycloud/checkout-web/assets/c1/helpers-installmentsNotSupportedForAddress.CvFYUk8Y.js" crossorigin=""><link rel="prefetch" fetchpriority="low" as="script" href="/cdn/shopifycloud/checkout-web/assets/c1/hooks-useShopPayCheckoutGqlVersion.SyOG7USa.js" crossorigin=""><link rel="prefetch" fetchpriority="low" as="script" href="/cdn/shopifycloud/checkout-web/assets/c1/graphql-ShopPayCheckoutSessionQuery.BT44Ni7m.js" crossorigin=""><link rel="prefetch" fetchpriority="low" as="script" href="/cdn/shopifycloud/checkout-web/assets/c1/helpers-setAddressErrors.D8ipvhsK.js" crossorigin=""><link rel="prefetch" fetchpriority="low" as="script" href="/cdn/shopifycloud/checkout-web/assets/c1/types-index.BbT8vKZX.js" crossorigin=""><link rel="prefetch" fetchpriority="low" as="script" href="/cdn/shopifycloud/checkout-web/assets/c1/images-flag-icon.C_eXYJRt.js" crossorigin=""><link rel="prefetch" fetchpriority="low" as="script" href="/cdn/shopifycloud/checkout-web/assets/c1/locale-en.BDsZZXo8.js" crossorigin=""><link rel="prefetch" fetchpriority="low" as="script" href="/cdn/shopifycloud/checkout-web/assets/c1/page-OnePage.CwIdYsu8.js" crossorigin=""><link rel="prefetch" fetchpriority="low" as="script" href="/cdn/shopifycloud/checkout-web/assets/c1/hooks-useWalletsTimeout.BaLuYXgS.js" crossorigin=""><link rel="prefetch" fetchpriority="low" as="script" href="/cdn/shopifycloud/checkout-web/assets/c1/remember-me-hooks.DAYgmlhc.js" crossorigin=""><link rel="prefetch" fetchpriority="low" as="script" href="/cdn/shopifycloud/checkout-web/assets/c1/OffsitePaymentFailed.B9Kq9DXF.js" crossorigin=""><link rel="prefetch" fetchpriority="low" as="script" href="/cdn/shopifycloud/checkout-web/assets/c1/NoAddressLocationFullDetour.DthIgDi6.js" crossorigin=""><link rel="prefetch" fetchpriority="low" as="script" href="/cdn/shopifycloud/checkout-web/assets/c1/SplitDeliveryMerchandiseContainer.K3cQOYNm.js" crossorigin=""><link rel="prefetch" fetchpriority="low" as="script" href="/cdn/shopifycloud/checkout-web/assets/c1/useShopPayButtonClassName.CpaSs07B.js" crossorigin=""><link rel="prefetch" fetchpriority="low" as="script" href="/cdn/shopifycloud/checkout-web/assets/c1/ChangeCompanyLocationLink.Bs0wjhf5.js" crossorigin=""><link rel="prefetch" fetchpriority="low" as="script" href="/cdn/shopifycloud/checkout-web/assets/c1/WalletsSandbox-WalletSandbox.UXN4lPrj.js" crossorigin=""><link rel="prefetch" fetchpriority="low" as="script" href="/cdn/shopifycloud/checkout-web/assets/c1/hooks-useUnauthenticatedErrorModal.JQ4PizRz.js" crossorigin=""><link rel="prefetch" fetchpriority="low" as="script" href="/cdn/shopifycloud/checkout-web/assets/c1/hooks-useForceShopPayUrl.BQ6CSQK8.js" crossorigin=""><script async="true" type="text/javascript" src="https://s.adroll.com/j/roundtrip.js"></script><script type="text/javascript" src="https://s.adroll.com/j/pre/RLFWQFGQMZC2ZEMERYUQ34/GKTPKTIEIVDXDB73OLEF43/fpconsent.js"></script><script type="text/javascript" src="https://s.adroll.com/j/pre/RLFWQFGQMZC2ZEMERYUQ34/GKTPKTIEIVDXDB73OLEF43/index.js"></script><link rel="prefetch" fetchpriority="low" as="script" href="/cdn/shopifycloud/checkout-web/assets/c1/GooglePayButton-index.MxVHCa36.js" crossorigin=""><script type="text/javascript" src="https://d.adroll.com/consent/check/RLFWQFGQMZC2ZEMERYUQ34?af0=9f04f797&amp;adroll_fpc=9d4feeea134509fc4055903898b28508-1779856736240&amp;pv=15265621352.07972&amp;arrfrr=https%3A%2F%2Fsauce-demo.myshopify.com%2Fcart&amp;_s=4152946e28aa2ad25928606949f866e0&amp;_b=2"></script><link rel="prefetch" fetchpriority="low" as="script" href="/cdn/shopifycloud/checkout-web/assets/c1/MarketsProDisclaimer.D_VvgIjR.js" crossorigin=""><script async="true" type="text/javascript" src="https://d.adroll.com/pixel/RLFWQFGQMZC2ZEMERYUQ34/GKTPKTIEIVDXDB73OLEF43?af0=9f04f797&amp;adroll_fpc=9d4feeea134509fc4055903898b28508-1779856736240&amp;pv=15265621352.07972&amp;arrfrr=https%3A%2F%2Fsauce-demo.myshopify.com%2Fcart&amp;cookie=RLFWQFGQMZC2ZEMERYUQ34%3A1%7CGKTPKTIEIVDXDB73OLEF43%3A1%7CZEW3JXPLVRAQPNAKVX76KX%3A1&amp;adroll_s_ref=&amp;keyw=&amp;p0=235"></script><link rel="prefetch" fetchpriority="low" as="script" href="/cdn/shopifycloud/checkout-web/assets/c1/ShippingGroupsSummaryLine.D1VVUKXb.js" crossorigin=""><div style="width: 1px; height: 1px; display: inline; position: absolute;"><img height="1" width="1" style="border-style:none;" alt="" src="https://d.adroll.com/cm/bombora/out?af0=9f04f797&amp;adroll_fpc=9d4feeea134509fc4055903898b28508-1779856736240&amp;pv=15265621352.07972&amp;arrfrr=https%3A%2F%2Fsauce-demo.myshopify.com%2Fcart&amp;advertisable=RLFWQFGQMZC2ZEMERYUQ34"><img height="1" width="1" style="border-style:none;" alt="" src="https://d.adroll.com/cm/experian/out?af0=9f04f797&amp;adroll_fpc=9d4feeea134509fc4055903898b28508-1779856736240&amp;pv=15265621352.07972&amp;arrfrr=https%3A%2F%2Fsauce-demo.myshopify.com%2Fcart&amp;advertisable=RLFWQFGQMZC2ZEMERYUQ34"><img height="1" width="1" style="border-style:none;" alt="" src="https://d.adroll.com/cm/eyeota/out?af0=9f04f797&amp;adroll_fpc=9d4feeea134509fc4055903898b28508-1779856736240&amp;pv=15265621352.07972&amp;arrfrr=https%3A%2F%2Fsauce-demo.myshopify.com%2Fcart&amp;advertisable=RLFWQFGQMZC2ZEMERYUQ34"></div><div style="width: 1px; height: 1px; display: inline; position: absolute;"></div><link rel="prefetch" fetchpriority="low" as="script" href="/cdn/shopifycloud/checkout-web/assets/c1/StackedMerchandisePreview.CI3eTaWa.js" crossorigin=""><link rel="prefetch" fetchpriority="low" as="script" href="/cdn/shopifycloud/checkout-web/assets/c1/AutocompleteField-hooks.ChQfquI_.js" crossorigin=""><link rel="prefetch" fetchpriority="low" as="script" href="/cdn/shopifycloud/checkout-web/assets/c1/LocalizationExtensionField.CgfTgucK.js" crossorigin=""><link rel="prefetch" fetchpriority="low" as="script" href="/cdn/shopifycloud/checkout-web/assets/c1/hooks-useShopPayPaymentRequiredMethod.D_IylHZZ.js" crossorigin=""><link rel="prefetch" fetchpriority="low" as="script" href="/cdn/shopifycloud/checkout-web/assets/c1/hooks-useUpdateCheckoutAddress.Ck4K6-f-.js" crossorigin=""><link rel="prefetch" fetchpriority="low" as="script" href="/cdn/shopifycloud/checkout-web/assets/c1/WalletLogo.BWXI0tbn.js" crossorigin=""><link rel="prefetch" fetchpriority="low" as="script" href="/cdn/shopifycloud/checkout-web/assets/c1/hooks-useGeneralPaymentErrorMessage.DPxFdGZ_.js" crossorigin=""><link rel="prefetch" fetchpriority="low" as="script" href="/cdn/shopifycloud/checkout-web/assets/c1/hooks-useShowShopPayOptin.BqDxCA-N.js" crossorigin=""><link rel="prefetch" fetchpriority="low" as="script" href="/cdn/shopifycloud/checkout-web/assets/c1/hooks-useShowCreateMoreAccountsGdprTreatment.CrvBgm0Y.js" crossorigin=""><link rel="prefetch" fetchpriority="low" as="script" href="/cdn/shopifycloud/checkout-web/assets/c1/Section.65aQmOm5.js" crossorigin=""><link rel="prefetch" fetchpriority="low" as="script" href="/cdn/shopifycloud/checkout-web/assets/c1/MobileOrderSummary.B31Zq13c.js" crossorigin=""><link rel="prefetch" fetchpriority="low" as="script" href="/cdn/shopifycloud/checkout-web/assets/c1/hooks-useOnePageFormSubmit.CvBedtTl.js" crossorigin=""><link rel="prefetch" fetchpriority="low" as="script" href="/cdn/shopifycloud/checkout-web/assets/c1/PayPalOverCaptureInfoBanner.Crqx7Y4u.js" crossorigin=""><link rel="prefetch" fetchpriority="low" as="script" href="/cdn/shopifycloud/checkout-web/assets/c1/utilities-get-negotiation-input.Dyp0z5zM.js" crossorigin=""><link rel="prefetch" fetchpriority="low" as="script" href="/cdn/shopifycloud/checkout-web/assets/c1/shop-cash-constants.D3Y2E3yI.js" crossorigin=""><link rel="prefetch" fetchpriority="low" as="script" href="/cdn/shopifycloud/checkout-web/assets/c1/PaymentErrorBanner.D7eLmx1Y.js" crossorigin=""><link rel="prefetch" fetchpriority="low" as="script" href="/cdn/shopifycloud/checkout-web/assets/c1/StockProblems-StockProblemsLineItemList.Bu5cjb7C.js" crossorigin=""><link rel="prefetch" fetchpriority="low" as="script" href="/cdn/shopifycloud/checkout-web/assets/c1/DutyOptions.CCaO8-yk.js" crossorigin=""><link rel="prefetch" fetchpriority="low" as="script" href="/cdn/shopifycloud/checkout-web/assets/c1/ShipmentBreakdown.N3eOVNnb.js" crossorigin=""><link rel="prefetch" fetchpriority="low" as="script" href="/cdn/shopifycloud/checkout-web/assets/c1/MerchandiseModal.CSWg0s5G.js" crossorigin=""><link rel="prefetch" fetchpriority="low" as="script" href="/cdn/shopifycloud/checkout-web/assets/c1/extension-targets-shipping-options.BGFjb4tD.js" crossorigin=""><link rel="prefetch" fetchpriority="low" as="script" href="/cdn/shopifycloud/checkout-web/assets/c1/ShippingMethodSelector.7KHqxkVl.js" crossorigin=""><link rel="prefetch" fetchpriority="low" as="script" href="/cdn/shopifycloud/checkout-web/assets/c1/SubscriptionPriceBreakdown.CE3j5Q8d.js" crossorigin=""><link rel="prefetch" fetchpriority="low" as="script" href="/cdn/shopifycloud/checkout-web/assets/c1/hooks-useSubscribeMessenger.DBo3UOzH.js" crossorigin=""><link rel="prefetch" fetchpriority="low" as="script" href="/cdn/shopifycloud/checkout-web/assets/c1/component-RuntimeExtension.UxbPa6_H.js" crossorigin=""><link rel="prefetch" fetchpriority="low" as="script" href="/cdn/shopifycloud/checkout-web/assets/c1/AnnouncementRuntimeExtensions.DBMEjHN9.js" crossorigin=""><link rel="prefetch" fetchpriority="low" as="script" href="/cdn/shopifycloud/checkout-web/assets/c1/extension-targets-rendering-extension-targets.CoMRj6Kl.js" crossorigin=""><link rel="prefetch" fetchpriority="low" as="script" href="/cdn/shopifycloud/checkout-web/assets/c1/esm-browser-v4.BKrj-4V8.js" crossorigin=""><link rel="prefetch" fetchpriority="low" as="script" href="/cdn/shopifycloud/checkout-web/assets/c1/ExtensionsInner.Bq0c9puk.js" crossorigin=""><link rel="prefetch" fetchpriority="low" as="style" href="/cdn/shopifycloud/checkout-web/assets/c1/assets/app.DQm2XSFQ.css" crossorigin=""><link rel="prefetch" fetchpriority="low" as="style" href="/cdn/shopifycloud/checkout-web/assets/c1/assets/is-shop-pay-active.Bz45BrAn.css" crossorigin=""><link rel="prefetch" fetchpriority="low" as="style" href="/cdn/shopifycloud/checkout-web/assets/c1/assets/UnauthenticatedErrorModalPayload.D1hsMvAK.css" crossorigin=""><link rel="prefetch" fetchpriority="low" as="style" href="/cdn/shopifycloud/checkout-web/assets/c1/assets/index.NBwlNHi3.css" crossorigin=""><link rel="prefetch" fetchpriority="low" as="style" href="/cdn/shopifycloud/checkout-web/assets/c1/assets/OnePage.Du-yF2xV.css" crossorigin=""><link rel="prefetch" fetchpriority="low" as="style" href="/cdn/shopifycloud/checkout-web/assets/c1/assets/SplitDeliveryMerchandiseContainer.CRDql5Io.css" crossorigin=""><link rel="prefetch" fetchpriority="low" as="style" href="/cdn/shopifycloud/checkout-web/assets/c1/assets/LocalizationExtensionField.CHFhA8b0.css" crossorigin=""><link rel="prefetch" fetchpriority="low" as="style" href="/cdn/shopifycloud/checkout-web/assets/c1/assets/MobileOrderSummary.CqVkJv9Z.css" crossorigin=""><link rel="prefetch" fetchpriority="low" as="style" href="/cdn/shopifycloud/checkout-web/assets/c1/assets/useOnePageFormSubmit.CFcgLtAD.css" crossorigin=""><link rel="prefetch" fetchpriority="low" as="style" href="/cdn/shopifycloud/checkout-web/assets/c1/assets/WalletLogo.DSXJIrkc.css" crossorigin=""><link rel="prefetch" fetchpriority="low" as="style" href="/cdn/shopifycloud/checkout-web/assets/c1/assets/ChangeCompanyLocationLink.uqpm88mq.css" crossorigin=""><link rel="prefetch" fetchpriority="low" as="style" href="/cdn/shopifycloud/checkout-web/assets/c1/assets/Section.CU18S7Ap.css" crossorigin=""><link rel="prefetch" fetchpriority="low" as="style" href="/cdn/shopifycloud/checkout-web/assets/c1/assets/useShopPayButtonClassName.BrcQzLuH.css" crossorigin=""><link rel="prefetch" fetchpriority="low" as="style" href="/cdn/shopifycloud/checkout-web/assets/c1/assets/DutyOptions.LcqrKXE1.css" crossorigin=""><link rel="prefetch" fetchpriority="low" as="style" href="/cdn/shopifycloud/checkout-web/assets/c1/assets/PayPalOverCaptureInfoBanner.CuS5ve3d.css" crossorigin=""><link rel="prefetch" fetchpriority="low" as="style" href="/cdn/shopifycloud/checkout-web/assets/c1/assets/NoAddressLocationFullDetour.CpFaJIpx.css" crossorigin=""><link rel="prefetch" fetchpriority="low" as="style" href="/cdn/shopifycloud/checkout-web/assets/c1/assets/WalletSandbox.CnR7qNLY.css" crossorigin=""><link rel="prefetch" fetchpriority="low" as="style" href="/cdn/shopifycloud/checkout-web/assets/c1/assets/ShippingMethodSelector.B0hio2RO.css" crossorigin=""><link rel="prefetch" fetchpriority="low" as="style" href="/cdn/shopifycloud/checkout-web/assets/c1/assets/SubscriptionPriceBreakdown.BSemv9tH.css" crossorigin=""><link rel="prefetch" fetchpriority="low" as="style" href="/cdn/shopifycloud/checkout-web/assets/c1/assets/StackedMerchandisePreview.D6OuIVjc.css" crossorigin=""><link rel="prefetch" fetchpriority="low" as="style" href="/cdn/shopifycloud/checkout-web/assets/c1/assets/RuntimeExtension.DWkDBM73.css" crossorigin=""><link rel="prefetch" fetchpriority="low" as="style" href="/cdn/shopifycloud/checkout-web/assets/c1/assets/AnnouncementRuntimeExtensions.qDifMJI9.css" crossorigin=""></head>

<body id="your-shopping-cart" class="template-cart" style="zoom: 1;">


  <div id="cart-animation">1</div>
 
  <div id="drawer">
    <div class="container">
      
      <form action="/cart" method="post">
        
        <!-- START ROW-->
        <div class="row first">
          <div class="nine columns description">
            <img src="//sauce-demo.myshopify.com/cdn/shop/products/fleece_compact.jpg?v=1394656989" alt="Grey jacket - Grey jacket">
            <div class="info">
              <h3>
                <a href="/collections/all/products/grey-jacket"> 
                    Grey jacket - Grey jacket
                    
                    
                    - Grey jacket
                    
                    
                </a>
              </h3>
              <h4>Sauce Demo</h4>
              <p>This area is populated by the product description. If you ever run out of things to say about what you're...</p>
              <p class="mobile">1 x £55.00</p>
            </div>
          </div>
          <div class="two columns price desktop">
            £55.00
          </div>
          <div class="two columns quantity desktop">
            <input type="text" name="updates[]" id="updates_611945025" value="1">
          </div>
          <div class="two columns total desktop">
            £55.00
          </div>
          <div class="one column remove desktop">
            <a href="/cart/change?line=1&amp;quantity=0" class="removeLine" rel="611945025">Remove</a>
          </div>
        </div>
        <!-- END ROW-->
        
        <!-- START ACTIONS -->
        <div class="actions">
          <div class="sauce-app-login-cart-button"></div>
          <input type="submit" value="Check Out">
        </div>
        <!-- END ACTIONS -->
      </form>
      
    </div>
  </div>
  <!--END DRAWER-->
   <!--START HEADER-->
  <header>
    <!--START CONTAINER-->
    <div class="container upper">
      <!--START SIDEBAR-->
      <div class="three columns product-search-wrapper">
        <div id="product-search">
          <form action="/search" method="get" class="search-form" role="search">
            <input type="hidden" name="type" value="product">
            <input type="submit" id="search-submit" class="icon ">
            <input class="search" placeholder="Search" name="q" type="text" id="search-field">
          </form>
          <br class="clear">
        </div>
      </div>
      <!--END SIDEBAR-->
      <!--START TOP NAV-->
      <div class="seven columns offset-by-one desktop">
        <nav>
          
          <a href="/search">Search</a>
          
          <a href="/pages/about-us">About Us</a>
          
          
            
              <a href="/account/login" id="customer_login_link">Log In</a> 
              
                <a href="/account/register" id="customer_register_link">Sign up</a>
              
            
          
        </nav>
      </div>
      <!--END TOP NAV-->
      <!--START MINICART-->
      <div class="five columns minicart-wrapper">
        <div id="minicart">
          <div class="sauce-app-profile"></div>
          <a href="#" class="toggle-drawer cart desktop ">My Cart <span id="cart-target-desktop" class="count">(1)</span></a>
          <a href="/cart" class="cart mobile  cart-target">My Cart <span id="cart-target-mobile" class="count cart-target">(1)</span></a>
          <a href="/cart" class="checkout">Check Out</a>
        </div>
      </div>
      <!--END MINI CART-->
    </div>
    <!--END CONTAINER-->

    <!--START CONTAINER-->
    <div class="container lower">
      <div class="sixteen columns">
        <div class="table logo-tagline">
          <div class="table-cell">
            <h1 id="logo">
              
              <a href="/">
                
                <img src="//sauce-demo.myshopify.com/cdn/shop/t/2/assets/logo.png?v=75283676530009549261394657629" alt="Sauce Demo">
                
              </a>
            </h1>
          </div>

          <div class="table-cell">
            <div id="tagline" class="desktop">
              <h3>
                
                Just a demo site showing off what Sauce can do.
                
              </h3>
            </div>
          </div>
        </div>
      </div>
    </div>

  </header>
    <!--START HEADER-->
  <!--START CONTAINER-->
  <div class="container">
    <!--START SIDEBAR-->
    <div id="sidebar" class="three columns">
      <nav>
        <a href="#" id="toggle-menu" class="mobile"><span>Menu</span></a>
        <ul id="main-menu" class="accordion">
                   
            
            
            
                          
                         
            <li><a href="/">Home</a></li>
            
                   
            
            
            
                          
                         
            <li><a href="/collections/all">Catalog</a></li>
            
                   
            
            
            
                          
                         
            <li><a href="/blogs/news">Blog</a></li>
            
                   
            
            
            
                          
                         
            <li><a href="/pages/about-us">About Us</a></li>
            
                   
            
            
            
                          
                         
            <li><a href="#sauce-show-wish-list">Wish list</a></li>
            
                   
            
            
            
                          
                         
            <li><a href="#sauce-show-refer-friend">Refer a friend</a></li>
            
          
          
            
            <li class="mobile"><a href="/account/login" id="customer_login_link">Login</a></li>
            
            <li class="mobile"><a href="/account/register" id="customer_register_link">Create account</a></li>
            
            
          
        </ul>
        <div id="social">
          <a href="http://www.facebook.com/shopify" target="_blank" class="facebook "></a>
          <a href="http://www.twitter.com/sauce_io" target="_blank" class="twitter "></a>
          <a href="http://www.instagram.com/shopify" target="_blank" class="instagram "></a>
          <a href="http://www.pinterest.com/chrisjhoughton/awesome-facebook-integration/" target="_blank" class="pinterest "></a>
          
          
          
          <a href="/blogs/news.atom" target="_blank" class="rss "></a>
        </div>
      </nav>
    </div>
    <!--END SIDEBAR-->
    <!--START MAIN-->
    <div id="main" class="twelve columns offset-by-one">
      <div id="page-content">  
      <!--START BREADCRUMB-->
<div id="breadcrumb" class="desktop">
  <span itemscope="" itemtype="http://data-vocabulary.org/Breadcrumb">
    <a href="/" itemprop="url">
      <span itemprop="title">Home</span>
    </a> 
  </span>
  —
	
	
	
	
		<a href="/cart" class="active">Cart</a>
	
	
	
	
	
</div>
<!--END BREADCRUMB-->
<h1>My Cart</h1>
<section id="cart">
	
	<form action="/cart" method="post">
		<!--START CART CONTENTS-->
		<div class="twelve columns alpha omega">
			<!-- START HEADERS-->
			<div class="headers clearfix">
				<div class="six columns alpha description">
					Description
				</div>
				<div class="two columns price desktop">
					Price
				</div>
				<div class="one columns quantity desktop">
					Qty
				</div>
				<div class="two columns total desktop">
					<span>Total</span>
				</div>
			</div>
			<!-- END HEADERS-->
			   
			<!-- START ROW-->
			<div class="row">
				<div class="six columns alpha description">
					<img src="//sauce-demo.myshopify.com/cdn/shop/products/fleece_compact.jpg?v=1394656989" alt="Grey jacket - Grey jacket">
					<div class="info">
						<h3><a href="/collections/all/products/grey-jacket">Grey jacket - Grey jacket</a></h3>
						<h4>Sauce Demo</h4>
						<p>This area is populated by the product description. If you ever run out of things to say about what you're...</p>
						
					</div>
				</div>
				<div class="two columns price desktop">
					£55.00 
				</div>
				<div class="one columns quantity tr">
					<input type="text" name="updates[]" id="updates_611945025" value="1"> <p class="mobile">x £55.00</p>
				</div>
				<div class="two columns total desktop">
					<span>£55.00 </span>
				</div>
				<div class="one column remove omega desktop">
					<a href="/cart/change?line=1&amp;quantity=0">x</a>
				</div>
			</div>
			<!-- END ROW-->
			
		</div>
		<!--END CART CONTENTS-->
		<br class="clear">
		<!--START TOTAL-->
		<div class="twelve columns alpha omega row">
			<div class="six columns alpha continue-shopping"><a href="/collections/all">« Continue Shopping</a></div>
			<div class="six columns omega cart total"><h2>Total £55.00</h2></div>
		</div>
		<!--END TOTAL-->
		<br class="clear">
		<!-- START ACTIONS -->
		<div class="twelve columns alpha omega">
			<div class="six columns alpha">
				<textarea id="note" name="note" placeholder="Add a note to your order..."></textarea>
			</div>
			<div class="six columns omega actions">
		 		<input type="submit" id="update" name="update" value="Update">
				<input type="submit" id="checkout" name="checkout" value="Check Out">
				
              <div class="sauce-app-login-cart-button"></div>
              <br><br>
              <br><br>
              <br><br>
			</div>
		</div>
		<!-- END ACTIONS -->
	</form>
	
</section>
      <br class="clear">
      </div>
    </div>
    <!--END MAIN-->
    <br class="clear">
    <!--START FOOTER-->
    <footer>
      <section class="upper">

        <!--START NAV-->
        <div class="three columns ">
          <nav>
            <h2>Footer</h2>
            
              <a href="/search">Search</a> <br>
            
              <a href="/pages/about-us">About Us</a> 
            
          </nav>
        </div>
        <!--END NAV-->

        <!--START PAGE CONTENT-->
        <div class="eight offset-by-one columns">
          <div id="footer-content">
            
            <h2>About Us</h2>
            <div><p><strong>This is a demo site created for <a href="http://sauceapp.io" title="Sauce">Sauce</a></strong>, an awesome new way to make your Shopify site social. Sauce allows you to let&nbsp;<span style="line-height: 1.5;">customers to share what they purchase to their friends, and s</span>ee what their friends have purchased or "wanted" on your store.</p></div>
            
            
          </div>
        </div>
        <!--END PAGE CONTENT-->

        <!--START MAILING LIST / OR CREDIT CARDS-->
        <div class="three columns offset-by-one">
          
          
<div id="payment-methods">
<img src="//sauce-demo.myshopify.com/cdn/shop/t/2/assets/cc-amex.png?v=85206210438157468371394656065" alt="We accept Amex">

<img src="//sauce-demo.myshopify.com/cdn/shop/t/2/assets/cc-visa.png?v=60401960785579442311394656066" alt="We accept Visa">
 <img src="//sauce-demo.myshopify.com/cdn/shop/t/2/assets/cc-mastercard.png?v=163639441997642668931394656066" alt="We accept Mastercard">





</div>

          
        </div>
        <!--END MAILING LIST / CREDIT CARDS-->

        <br class="clear">
      </section>
      <section class="lower">
        <div class="nine columns">
          <div class="legals">
            Copyright © 2026 Sauce Demo. <a target="_blank" rel="nofollow" href="https://www.shopify.co.uk/tour/shopping-cart?utm_campaign=poweredby&amp;utm_medium=shopify&amp;utm_source=onlinestore">Shopping Cart by Shopify</a>.
          </div>
        </div>
        <div class="six columns offset-by-one">
          
          <nav>
            
                  <a href="/search" title="Search">Search</a>
              
                  <a href="/pages/about-us" title="About Us">About Us</a>
              
          </nav>
          
        </div>
      </section>
      <br class="clear">
    </footer>
    <!--END FOOTER-->
  </div>
  <!-- END CONTAINER-->
  
  <script>(function() {
var _fbq = window._fbq || (window._fbq = []);
if (!_fbq.loaded) {
var fbds = document.createElement('script');
fbds.async = true;
fbds.src = '//connect.facebook.net/en_US/fbds.js';
var s = document.getElementsByTagName('script')[0];
s.parentNode.insertBefore(fbds, s);
_fbq.loaded = true;
}
_fbq.push(['addPixelId', '395560230629559']);
})();
window._fbq = window._fbq || [];
window._fbq.push(['track', 'PixelInitialized', {}]);
</script>
<noscript><img height="1" width="1" alt="" style="display:none" src="https://www.facebook.com/tr?id=395560230629559&amp;ev=PixelInitialized" /></noscript>
  
  <script type="text/javascript">
    adroll_adv_id = "RLFWQFGQMZC2ZEMERYUQ34";
    adroll_pix_id = "GKTPKTIEIVDXDB73OLEF43";
    (function () {
        var _onload = function(){
            if (document.readyState && !/loaded|complete/.test(document.readyState)){setTimeout(_onload, 10);return}
            if (!window.__adroll_loaded){__adroll_loaded=true;setTimeout(_onload, 50);return}
            var scr = document.createElement("script");
            var host = (("https:" == document.location.protocol) ? "https://s.adroll.com" : "http://a.adroll.com");
            scr.setAttribute('async', 'true');
            scr.type = "text/javascript";
            scr.src = host + "/j/roundtrip.js";
            ((document.getElementsByTagName('head') || [null])[0] ||
                document.getElementsByTagName('script')[0].parentNode).appendChild(scr);
        };
        if (window.addEventListener) {window.addEventListener('load', _onload, false);}
        else {window.attachEvent('onload', _onload)}
    }());
</script>

  <script type="text/javascript">
  (function() {
    window._pa = window._pa || {};
    // _pa.orderId = "myOrderId"; // OPTIONAL: attach unique conversion identifier to conversions
    // _pa.revenue = "19.99"; // OPTIONAL: attach dynamic purchase values to conversions
    // _pa.productId = "myProductId"; // OPTIONAL: Include product ID for use with dynamic ads
    var pa = document.createElement('script'); pa.type = 'text/javascript'; pa.async = true;
    pa.src = ('https:' == document.location.protocol ? 'https:' : 'http:') + "//tag.marinsm.com/serve/55f0a404808337080a0001ab.js";
    var s = document.getElementsByTagName('script')[0]; s.parentNode.insertBefore(pa, s);
  })();
</script>
  

<div tabindex="-1" aria-hidden="true" id="web-pixels-manager-sandbox-container" data-shopify-privacy="exclude" style="height: 0px !important; width: 0px !important; position: fixed !important; visibility: hidden !important; overflow: hidden !important; z-index: -100 !important; margin: 0px !important; padding: 0px !important; border: 0px !important;"><iframe tabindex="-1" aria-hidden="true" name="web-pixel-sandbox-CUSTOM-shopify-custom-pixel-LAX-6aad4977wba422492pcfc93db9m5341e0bd" src="https://sauce-demo.myshopify.com/web-pixels@6aad4977wba422492pcfc93db9m5341e0bd/custom/web-pixel-shopify-custom-pixel@0460/sandbox/modern/cart" id="web-pixel-sandbox-CUSTOM-shopify-custom-pixel-LAX-6aad4977wba422492pcfc93db9m5341e0bd" sandbox="allow-scripts allow-forms" style="height: 0px !important; width: 0px !important; visibility: hidden !important;"></iframe></div></body></html>
[CartTest] Verifying product in cart...
[CartTest] Is product in cart: true
]]></system-out>
    <system-err><![CDATA[May 26, 2026 10:38:54 PM org.openqa.selenium.devtools.CdpVersionFinder findNearestMatch
WARNING: Unable to find CDP implementation matching 148
May 26, 2026 10:38:54 PM org.openqa.selenium.chromium.ChromiumDriver lambda$new$5
WARNING: Unable to find version of CDP to use for 148.0.7778.179. You may need to include a dependency on a specific version of the CDP using something similar to `org.seleniumhq.selenium:selenium-devtools-v86:4.21.0` where the version ("v86") matches the version of the chromium-based browser you're using and the version number of the artifact is the same as Selenium's.
]]></system-err>
  </testcase>
  <testcase name="testCheckoutFlow" classname="com.saucedemo.tests.CheckoutTest" time="25.775">
    <system-out><![CDATA[[CheckoutTest] Starting checkout test...
[CheckoutTest] Selecting Grey jacket...
[CheckoutTest] Adding to cart...
[CheckoutTest] Navigating to Cart...
[CheckoutTest] Verifying cart items...
[CheckoutTest] Clicking checkout button...
[CheckoutTest] Verifying checkout page is displayed...
[CheckoutTest] Filling customer shipping details...
[CheckoutTest] Details filled out successfully. Verification complete.
]]></system-out>
    <system-err><![CDATA[May 26, 2026 10:39:39 PM org.openqa.selenium.devtools.CdpVersionFinder findNearestMatch
WARNING: Unable to find CDP implementation matching 148
May 26, 2026 10:39:39 PM org.openqa.selenium.chromium.ChromiumDriver lambda$new$5
WARNING: Unable to find version of CDP to use for 148.0.7778.179. You may need to include a dependency on a specific version of the CDP using something similar to `org.seleniumhq.selenium:selenium-devtools-v86:4.21.0` where the version ("v86") matches the version of the chromium-based browser you're using and the version number of the artifact is the same as Selenium's.
]]></system-err>
  </testcase>
</testsuite>